<?xml version="1.0" encoding="UTF-8"?>
<testng-results skipped="0" failed="0" ignored="0" total="1" passed="1">
  <reporter-output>
  </reporter-output>
  <suite name="Default suite" duration-ms="37401" started-at="2021-03-09T05:21:40Z" finished-at="2021-03-09T05:22:17Z">
    <groups>
      <group name="cucumber">
        <method signature="AbstractTestNGCucumberTests.feature(cucumber.api.testng.CucumberFeatureWrapper)[pri:0, instance:cucumberOptions.TestRunner@64485a47]" name="feature" class="cucumber.api.testng.AbstractTestNGCucumberTests"/>
      </group> <!-- cucumber -->
    </groups>
    <test name="Default test" duration-ms="37401" started-at="2021-03-09T05:21:40Z" finished-at="2021-03-09T05:22:17Z">
      <class name="cucumberOptions.TestRunner">
        <test-method status="PASS" signature="setUpClass()[pri:0, instance:cucumberOptions.TestRunner@64485a47]" name="setUpClass" is-config="true" duration-ms="228" started-at="2021-03-09T05:21:40Z" finished-at="2021-03-09T05:21:40Z">
          <reporter-output>
          </reporter-output>
        </test-method> <!-- setUpClass -->
        <test-method status="PASS" signature="feature(cucumber.api.testng.CucumberFeatureWrapper)[pri:0, instance:cucumberOptions.TestRunner@64485a47]" name="feature" duration-ms="37061" started-at="2021-03-09T05:21:40Z" description="Runs Cucumber Feature" data-provider="features" finished-at="2021-03-09T05:22:17Z">
          <params>
            <param index="0">
              <value>
                <![CDATA[Problem#1 Page validation]]>
              </value>
            </param>
          </params>
          <reporter-output>
          </reporter-output>
        </test-method> <!-- feature -->
        <test-method status="PASS" signature="tearDownClass()[pri:0, instance:cucumberOptions.TestRunner@64485a47]" name="tearDownClass" is-config="true" duration-ms="31" started-at="2021-03-09T05:22:17Z" finished-at="2021-03-09T05:22:17Z">
          <reporter-output>
          </reporter-output>
        </test-method> <!-- tearDownClass -->
      </class> <!-- cucumberOptions.TestRunner -->
    </test> <!-- Default test -->
  </suite> <!-- Default suite -->
</testng-results>
